Detecting compiler hash for triplet x64-linux...
Compiler found: /nix/store/a0d7m3zn9p2dfa1h7ag9h2wzzr2w25sn-gcc-wrapper-14.2.1.20250322/bin/g++
The following packages are already installed:
  * brotli:x64-linux@1.1.0#1
  * bzip2[core,tool]:x64-linux@1.0.8#6
    curl[core,ssl,openssl,non-http]:x64-linux@8.11.1
    freetype[core,zlib,png,bzip2,brotli]:x64-linux@2.13.3
  * libpng:x64-linux@1.6.44
  * openssl:x64-linux@3.4.0
  * vcpkg-cmake:x64-linux@2024-04-23
  * vcpkg-cmake-config:x64-linux@2024-05-23
  * vcpkg-cmake-get-vars:x64-linux@2024-09-22
  * zlib:x64-linux@1.3.1
curl is compatible with built-in CMake targets:

    find_package(CURL REQUIRED)
    target_link_libraries(main PRIVATE CURL::libcurl)

freetype is compatible with built-in CMake targets:

    find_package(Freetype REQUIRED)
    target_link_libraries(main PRIVATE Freetype::Freetype) # since CMake 3.10

All requested installations completed successfully in: 176 us
